{"C:\\Users\\Пользователь\\Desktop\\EPAM\\FILMS\\reactjs-films-homework\\src\\index.jsx": {"path":"C:\\Users\\Пользователь\\Desktop\\EPAM\\FILMS\\reactjs-films-homework\\src\\index.jsx","statementMap":{"0":{"start":{"line":5,"column":0},"end":{"line":8,"column":2}},"1":{"start":{"line":11,"column":2},"end":{"line":13,"column":3}},"2":{"start":{"line":12,"column":4},"end":{"line":12,"column":21}},"3":{"start":{"line":16,"column":0},"end":{"line":16,"column":24}}},"fnMap":{"0":{"name":"moduleHotAccept","decl":{"start":{"line":10,"column":24},"end":{"line":10,"column":39}},"loc":{"start":{"line":10,"column":45},"end":{"line":14,"column":1}},"line":10}},"branchMap":{"0":{"loc":{"start":{"line":7,"column":2},"end":{"line":7,"column":66}},"type":"binary-expr","locations":[{"start":{"line":7,"column":2},"end":{"line":7,"column":33}},{"start":{"line":7,"column":37},"end":{"line":7,"column":66}}],"line":7},"1":{"loc":{"start":{"line":11,"column":2},"end":{"line":13,"column":3}},"type":"if","locations":[{"start":{"line":11,"column":2},"end":{"line":13,"column":3}},{"start":{"line":11,"column":2},"end":{"line":13,"column":3}}],"line":11},"2":{"loc":{"start":{"line":11,"column":6},"end":{"line":11,"column":20}},"type":"binary-expr","locations":[{"start":{"line":11,"column":6},"end":{"line":11,"column":9}},{"start":{"line":11,"column":13},"end":{"line":11,"column":20}}],"line":11}},"s":{"0":1,"1":4,"2":1,"3":1},"f":{"0":4},"b":{"0":[1,1],"1":[1,3],"2":[4,3]},"_coverageSchema":"1a1c01bbd47fc00a2c39e90264f33305004495a9","hash":"7f2565c89519b5eaadc45f4388be0cc41e547b56"}
,"C:\\Users\\Пользователь\\Desktop\\EPAM\\FILMS\\reactjs-films-homework\\src\\components\\Signature\\Signature.jsx": {"path":"C:\\Users\\Пользователь\\Desktop\\EPAM\\FILMS\\reactjs-films-homework\\src\\components\\Signature\\Signature.jsx","statementMap":{"0":{"start":{"line":6,"column":2},"end":{"line":10,"column":3}},"1":{"start":{"line":13,"column":0},"end":{"line":15,"column":1}}},"fnMap":{"0":{"name":"Signature","decl":{"start":{"line":5,"column":24},"end":{"line":5,"column":33}},"loc":{"start":{"line":5,"column":41},"end":{"line":11,"column":1}},"line":5}},"branchMap":{},"s":{"0":2,"1":2},"f":{"0":2},"b":{},"_coverageSchema":"1a1c01bbd47fc00a2c39e90264f33305004495a9","hash":"c8a7bf9cbca436beaf573f6fdc6636d32bd34827"}
}
